<?xml version="1.0" encoding="UTF-8"?>
<Site BuildName="(empty)"
	BuildStamp="20250423-1736-Experimental"
	Name="(empty)"
	Generator="ctest-3.22.1"
	CompilerName=""
	CompilerVersion=""
	OSName="Linux"
	Hostname="PartyOnTheBeat"
	OSRelease="5.15.167.4-microsoft-standard-WSL2"
	OSVersion="#1 SMP Tue Nov 5 00:21:55 UTC 2024"
	OSPlatform="x86_64"
	Is64Bits="1"
	VendorString="GenuineIntel"
	VendorID="Intel Corporation"
	FamilyID="6"
	ModelID="158"
	ProcessorCacheSize="8192"
	NumberOfLogicalCPU="8"
	NumberOfPhysicalCPU="4"
	TotalVirtualMemory="4096"
	TotalPhysicalMemory="15976"
	LogicalProcessorsPerPhysical="2"
	ProcessorClockFrequency="3600"
	>
	<Testing>
		<StartDateTime>Apr 23 19:30 WEST</StartDateTime>
		<StartTestTime>1745433024</StartTestTime>
		<TestList>
			<Test>./tests/QuestionTest.ConstructorCorrect</Test>
		</TestList>
		<Test Status="passed">
			<Name>QuestionTest.ConstructorCorrect</Name>
			<Path>./tests</Path>
			<FullName>./tests/QuestionTest.ConstructorCorrect</FullName>
			<FullCommandLine>/home/vasco/Fr_Projects/BomMecanico/build/tests/runTests "--gtest_filter=QuestionTest.ConstructorCorrect" "--gtest_also_run_disabled_tests"</FullCommandLine>
			<Results>
				<NamedMeasurement type="numeric/double" name="Execution Time">
					<Value>0.0030593</Value>
				</NamedMeasurement>
				<NamedMeasurement type="numeric/double" name="Processors">
					<Value>1</Value>
				</NamedMeasurement>
				<NamedMeasurement type="text/string" name="Completion Status">
					<Value>Completed</Value>
				</NamedMeasurement>
				<NamedMeasurement type="text/string" name="Command Line">
					<Value>/home/vasco/Fr_Projects/BomMecanico/build/tests/runTests "--gtest_filter=QuestionTest.ConstructorCorrect" "--gtest_also_run_disabled_tests"</Value>
				</NamedMeasurement>
				<NamedMeasurement type="text/string" name="Environment">
					<Value>#CTEST_RESOURCE_GROUP_COUNT=</Value>
				</NamedMeasurement>
				<Measurement>
					<Value encoding="base64" compression="gzip">eJyNkE1PwzAMhu/5FT6uhzZwRdoBBuyAGKODU1VVWeqVoDaeEmf8fdJ2mjoktPnkj0f2+zoP1hrbQKeMnSWwc9SB/KIO5UF5TfLZVWtH36jZywfqXlEra2J/G0xby6rGvZcNUdMio+fUOz0p5VD2WdXvz7QWK2K8g+WAwEecwM60jA7m8B5iacj23WxB1rMLmsktyLl4XxTzU5SQH3XfAg9Let3H3AfDmIkiPUUJy5a2qh3naA/Gke3QRhY5Dfs/8HTnVJQoIP9cwRDlZbkjCG8vl2GY3UDnk+tkjDAwsWoTcZ1PRuXSmn7s+Rf/+x44ZbPzO9HO+n6zeXrsvY9sJn4BYCm9tg==</Value>
				</Measurement>
			</Results>
		</Test>
		<EndDateTime>Apr 23 19:30 WEST</EndDateTime>
		<EndTestTime>1745433024</EndTestTime>
		<ElapsedMinutes>0</ElapsedMinutes>
	</Testing>
</Site>
